2024-02-22 13:32:15,629 [INFO] Activator:176 - 


2024-02-22 13:32:15,631 [INFO] Activator:177 - !SESSION log4j initialized
2024-02-22 13:32:22,161 [INFO] LogOutputStream:77 - [STDOUT_REDIRECT] 
2024-02-22 13:32:23,990 [INFO] ApplicationProperties:184 - Using Application install path: /opt/st/stm32cubeide_1.13.1/plugins/com.st.stm32cube.common.mx_6.9.1.202307191849
2024-02-22 13:32:24,003 [INFO] DbMcusXml:78 - Set database path to: /opt/st/stm32cubeide_1.13.1/plugins/com.st.stm32cube.common.mx_6.9.1.202307191849//db//mcu/
2024-02-22 13:32:24,004 [INFO] ApiDb:274 - Set plugin database path to: /opt/st/stm32cubeide_1.13.1/plugins/com.st.stm32cube.common.mx_6.9.1.202307191849//db//plugins/boardmanager/
2024-02-22 13:32:24,004 [WARN] ApiDb:259 - Overriding images path with different value:  => /opt/st/stm32cubeide_1.13.1/plugins/com.st.stm32cube.common.mx_6.9.1.202307191849//db//plugins/mcufinder/images/
2024-02-22 13:32:24,009 [INFO] ApiDb:250 - Set database path to: /home/luca/.stmcufinder/plugins/mcufinder//mcu/
2024-02-22 13:32:24,009 [INFO] DbMcusAds:125 - Set database path to: /home/luca/.stmcufinder/plugins/mcufinder//mcu/
2024-02-22 13:32:24,011 [INFO] CrossReferenceDbSqlite:203 - Set database path to: /home/luca/.stmcufinder/plugins/mcufinder//mcu/cs/
2024-02-22 13:32:24,099 [INFO] RulesReader:64 - Compatibility file has been processed (293 Rules)
2024-02-22 13:32:24,170 [INFO] DbMcusXml:78 - Set database path to: /opt/st/stm32cubeide_1.13.1/plugins/com.st.stm32cube.common.mx_6.9.1.202307191849//db//mcu/
2024-02-22 13:32:24,170 [INFO] ApiDb:274 - Set plugin database path to: /opt/st/stm32cubeide_1.13.1/plugins/com.st.stm32cube.common.mx_6.9.1.202307191849//db//plugins/boardmanager/
2024-02-22 13:32:24,170 [INFO] ApiDb:261 - Set plugin images path to: /opt/st/stm32cubeide_1.13.1/plugins/com.st.stm32cube.common.mx_6.9.1.202307191849//db//plugins/mcufinder/images/
2024-02-22 13:32:24,170 [WARN] DbFile:41 - Overriding database path with different value: /home/luca/.stmcufinder/plugins/mcufinder/ => /home/luca/.stmcufinder/plugins/mcufinder
2024-02-22 13:32:24,171 [INFO] ApiDb:250 - Set database path to: /home/luca/.stmcufinder/plugins/mcufinder//mcu/
2024-02-22 13:32:24,171 [WARN] DbFile:41 - Overriding database path with different value: /home/luca/.stmcufinder/plugins/mcufinder/ => /home/luca/.stmcufinder/plugins/mcufinder
2024-02-22 13:32:24,171 [INFO] DbMcusAds:125 - Set database path to: /home/luca/.stmcufinder/plugins/mcufinder//mcu/
2024-02-22 13:32:24,171 [WARN] DbFile:41 - Overriding database path with different value: /home/luca/.stmcufinder/plugins/mcufinder/ => /home/luca/.stmcufinder/plugins/mcufinder
2024-02-22 13:32:24,171 [WARN] DbFile:41 - Overriding database path with different value: /home/luca/.stmcufinder/plugins/mcufinder/ => /home/luca/.stmcufinder/plugins/mcufinder
2024-02-22 13:32:24,171 [INFO] CrossReferenceDbSqlite:203 - Set database path to: /home/luca/.stmcufinder/plugins/mcufinder//mcu/cs/
2024-02-22 13:32:24,223 [INFO] MainPanel:262 - HeapMemory: 268435456
2024-02-22 13:32:24,280 [INFO] DbMcusXml:78 - Set database path to: /opt/st/stm32cubeide_1.13.1/plugins/com.st.stm32cube.common.mx_6.9.1.202307191849//db//mcu/
2024-02-22 13:32:24,280 [INFO] ApiDb:274 - Set plugin database path to: /opt/st/stm32cubeide_1.13.1/plugins/com.st.stm32cube.common.mx_6.9.1.202307191849//db//plugins/boardmanager/
2024-02-22 13:32:24,280 [INFO] ApiDb:261 - Set plugin images path to: /opt/st/stm32cubeide_1.13.1/plugins/com.st.stm32cube.common.mx_6.9.1.202307191849//db//plugins/mcufinder/images/
2024-02-22 13:32:24,281 [WARN] DbFile:41 - Overriding database path with different value: /home/luca/.stmcufinder/plugins/mcufinder/ => /home/luca/.stmcufinder/plugins/mcufinder
2024-02-22 13:32:24,281 [INFO] ApiDb:250 - Set database path to: /home/luca/.stmcufinder/plugins/mcufinder//mcu/
2024-02-22 13:32:24,281 [WARN] DbFile:41 - Overriding database path with different value: /home/luca/.stmcufinder/plugins/mcufinder/ => /home/luca/.stmcufinder/plugins/mcufinder
2024-02-22 13:32:24,281 [INFO] DbMcusAds:125 - Set database path to: /home/luca/.stmcufinder/plugins/mcufinder//mcu/
2024-02-22 13:32:24,281 [WARN] DbFile:41 - Overriding database path with different value: /home/luca/.stmcufinder/plugins/mcufinder/ => /home/luca/.stmcufinder/plugins/mcufinder
2024-02-22 13:32:24,281 [WARN] DbFile:41 - Overriding database path with different value: /home/luca/.stmcufinder/plugins/mcufinder/ => /home/luca/.stmcufinder/plugins/mcufinder
2024-02-22 13:32:24,282 [INFO] CrossReferenceDbSqlite:203 - Set database path to: /home/luca/.stmcufinder/plugins/mcufinder//mcu/cs/
2024-02-22 13:32:24,297 [INFO] ApplicationProperties:184 - Using Application install path: /opt/st/stm32cubeide_1.13.1/plugins/com.st.stm32cube.common.mx_6.9.1.202307191849
2024-02-22 13:32:24,299 [INFO] PluginManage:196 - Search for loadable plugins [exclusion list=, ]
2024-02-22 13:32:24,300 [INFO] PluginManage:310 - Check plugin analytics
2024-02-22 13:32:24,415 [INFO] AnalyticsPlugin:253 - Accepted Software Licenses: 
2024-02-22 13:32:24,415 [INFO] AnalyticsPlugin:255 - Accepted CMSIS Pack Licenses: 
2024-02-22 13:32:24,416 [INFO] AnalyticsPlugin:257 - Accepted Firmware Licenses: FW.F4.1.27.0
2024-02-22 13:32:24,418 [INFO] PluginManage:359 - Loaded plugin analytics (category:tool,tabindex:-1)
2024-02-22 13:32:24,418 [INFO] PluginManage:310 - Check plugin cadmodel
2024-02-22 13:32:24,439 [INFO] CADModel:105 - Init CAD model plugin
2024-02-22 13:32:24,440 [INFO] PluginManage:359 - Loaded plugin cadmodel (category:power,tabindex:5)
2024-02-22 13:32:24,440 [INFO] PluginManage:310 - Check plugin clock
2024-02-22 13:32:24,448 [INFO] PluginManage:359 - Loaded plugin clock (category:base,tabindex:2)
2024-02-22 13:32:24,448 [INFO] PluginManage:310 - Check plugin ddr
2024-02-22 13:32:24,450 [INFO] PluginManage:359 - Loaded plugin ddr (category:tool,tabindex:6)
2024-02-22 13:32:24,450 [INFO] PluginManage:310 - Check plugin filemanager
2024-02-22 13:32:24,560 [INFO] PluginManage:359 - Loaded plugin filemanager (category:base,tabindex:10)
2024-02-22 13:32:24,561 [INFO] PluginManage:310 - Check plugin ipmanager
2024-02-22 13:32:24,566 [INFO] PluginManage:359 - Loaded plugin ipmanager (category:base,tabindex:5)
2024-02-22 13:32:24,566 [INFO] PluginManage:310 - Check plugin lpbam
2024-02-22 13:32:24,573 [INFO] PluginManage:359 - Loaded plugin lpbam (category:base,tabindex:0)
2024-02-22 13:32:24,573 [INFO] PluginManage:310 - Check plugin memorymap
2024-02-22 13:32:24,581 [INFO] PluginManage:359 - Loaded plugin memorymap (category:base,tabindex:4)
2024-02-22 13:32:24,581 [INFO] PluginManage:310 - Check plugin pinoutandconfiguration
2024-02-22 13:32:24,586 [INFO] PluginManage:359 - Loaded plugin pinoutandconfiguration (category:base,tabindex:1)
2024-02-22 13:32:24,586 [INFO] PluginManage:310 - Check plugin pinoutconfig
2024-02-22 13:32:24,651 [WARN] SupportedApi:132 - Cannot load RTOS API schema: s4s-elt-must-match.1: The content of 'definitions' must match (annotation?, (simpleType | complexType)?, (unique | key | keyref)*)). A problem was found starting at: attribute.
2024-02-22 13:32:24,758 [INFO] PluginManage:359 - Loaded plugin pinoutconfig (category:base,tabindex:0)
2024-02-22 13:32:24,758 [INFO] PluginManage:310 - Check plugin power
2024-02-22 13:32:24,764 [INFO] PluginManage:359 - Loaded plugin power (category:power,tabindex:4)
2024-02-22 13:32:24,764 [INFO] PluginManage:310 - Check plugin projectmanager
2024-02-22 13:32:24,775 [INFO] PluginManage:359 - Loaded plugin projectmanager (category:projectmanager,tabindex:3)
2024-02-22 13:32:24,775 [INFO] PluginManage:310 - Check plugin thirdparty
2024-02-22 13:32:24,860 [INFO] PluginManage:359 - Loaded plugin thirdparty (category:base,tabindex:-1)
2024-02-22 13:32:24,860 [WARN] IntegrityCheckThread:84 - waiting for thirdparty lock release [integrity check]
2024-02-22 13:32:24,860 [INFO] PluginManage:310 - Check plugin tools
2024-02-22 13:32:24,860 [INFO] IntegrityCheckThread:86 - entering critical section [integrity check]
2024-02-22 13:32:24,860 [INFO] ThirdPartyUpdaterWithRetryManager:70 - Updater plugin not ready yet. [1/15]
2024-02-22 13:32:24,862 [INFO] PluginManage:359 - Loaded plugin tools (category:base,tabindex:7)
2024-02-22 13:32:24,862 [INFO] PluginManage:310 - Check plugin tutovideos
2024-02-22 13:32:24,979 [INFO] PluginManage:359 - Loaded plugin tutovideos (category:base,tabindex:-1)
2024-02-22 13:32:24,980 [INFO] PluginManage:310 - Check plugin updater
2024-02-22 13:32:24,987 [INFO] PluginManage:359 - Loaded plugin updater (category:base,tabindex:12)
2024-02-22 13:32:24,987 [INFO] PluginManage:310 - Check plugin userauth
2024-02-22 13:32:24,990 [INFO] UserAuth:113 - Init User Auth plugin
2024-02-22 13:32:24,990 [INFO] PluginManage:359 - Loaded plugin userauth (category:base,tabindex:14)
2024-02-22 13:32:24,991 [INFO] PluginManage:283 - PluginManage : Loaded plugins [17]
2024-02-22 13:32:25,132 [INFO] PinOutPanel:1499 - setPackage(No Configuration,No Configuration)
2024-02-22 13:32:25,192 [INFO] CADModel:165 - CPN selected for project level
2024-02-22 13:32:25,192 [INFO] CADModel:114 - Register for checkConnection events
2024-02-22 13:32:25,200 [INFO] IPUIPlugin:80 - create IPUIPlugin
2024-02-22 13:32:25,200 [INFO] PluginManager:220 - loadIPPluginJar : add sai
2024-02-22 13:32:25,202 [INFO] IPUIPlugin:80 - create IPUIPlugin
2024-02-22 13:32:25,202 [INFO] PluginManager:220 - loadIPPluginJar : add ipddr
2024-02-22 13:32:25,203 [INFO] IPUIPlugin:80 - create IPUIPlugin
2024-02-22 13:32:25,203 [INFO] PluginManager:220 - loadIPPluginJar : add ltdc
2024-02-22 13:32:25,204 [INFO] IPUIPlugin:80 - create IPUIPlugin
2024-02-22 13:32:25,204 [INFO] PluginManager:220 - loadIPPluginJar : add genericplugin
2024-02-22 13:32:25,206 [INFO] IPUIPlugin:80 - create IPUIPlugin
2024-02-22 13:32:25,207 [INFO] PluginManager:220 - loadIPPluginJar : add i2c
2024-02-22 13:32:25,208 [INFO] IPUIPlugin:80 - create IPUIPlugin
2024-02-22 13:32:25,208 [INFO] PluginManager:220 - loadIPPluginJar : add i2s
2024-02-22 13:32:25,212 [INFO] IPUIPlugin:80 - create IPUIPlugin
2024-02-22 13:32:25,212 [INFO] PluginManager:220 - loadIPPluginJar : add freertos
2024-02-22 13:32:25,216 [INFO] IPUIPlugin:80 - create IPUIPlugin
2024-02-22 13:32:25,218 [INFO] PluginManager:220 - loadIPPluginJar : add plateformsettings
2024-02-22 13:32:25,220 [INFO] IPUIPlugin:80 - create IPUIPlugin
2024-02-22 13:32:25,220 [INFO] PluginManager:220 - loadIPPluginJar : add i3c
2024-02-22 13:32:25,221 [INFO] IPUIPlugin:80 - create IPUIPlugin
2024-02-22 13:32:25,221 [INFO] PluginManager:220 - loadIPPluginJar : add fatfs
2024-02-22 13:32:25,222 [INFO] IPUIPlugin:80 - create IPUIPlugin
2024-02-22 13:32:25,222 [INFO] PluginManager:220 - loadIPPluginJar : add ts
2024-02-22 13:32:25,223 [INFO] IPUIPlugin:80 - create IPUIPlugin
2024-02-22 13:32:25,223 [INFO] PluginManager:220 - loadIPPluginJar : add cryp
2024-02-22 13:32:25,226 [INFO] IPUIPlugin:80 - create IPUIPlugin
2024-02-22 13:32:25,226 [INFO] PluginManager:220 - loadIPPluginJar : add opamp
2024-02-22 13:32:25,227 [INFO] IPUIPlugin:80 - create IPUIPlugin
2024-02-22 13:32:25,228 [INFO] PluginManager:220 - loadIPPluginJar : add ucpd
2024-02-22 13:32:25,228 [INFO] IPUIPlugin:80 - create IPUIPlugin
2024-02-22 13:32:25,229 [INFO] PluginManager:220 - loadIPPluginJar : add tim
2024-02-22 13:32:25,230 [INFO] IPUIPlugin:80 - create IPUIPlugin
2024-02-22 13:32:25,230 [INFO] PluginManager:220 - loadIPPluginJar : add can
2024-02-22 13:32:25,232 [INFO] IPUIPlugin:80 - create IPUIPlugin
2024-02-22 13:32:25,232 [INFO] PluginManager:220 - loadIPPluginJar : add aes
2024-02-22 13:32:25,235 [INFO] IPUIPlugin:80 - create IPUIPlugin
2024-02-22 13:32:25,235 [INFO] PluginManager:220 - loadIPPluginJar : add gpio
2024-02-22 13:32:25,238 [INFO] IPUIPlugin:80 - create IPUIPlugin
2024-02-22 13:32:25,238 [INFO] PluginManager:220 - loadIPPluginJar : add fmc
2024-02-22 13:32:25,239 [INFO] IPUIPlugin:80 - create IPUIPlugin
2024-02-22 13:32:25,239 [INFO] PluginManager:220 - loadIPPluginJar : add gtzc
2024-02-22 13:32:25,241 [INFO] IPUIPlugin:80 - create IPUIPlugin
2024-02-22 13:32:25,241 [INFO] PluginManager:220 - loadIPPluginJar : add tsc
2024-02-22 13:32:25,242 [INFO] IPUIPlugin:80 - create IPUIPlugin
2024-02-22 13:32:25,242 [INFO] PluginManager:220 - loadIPPluginJar : add lorawan
2024-02-22 13:32:25,243 [INFO] IPUIPlugin:80 - create IPUIPlugin
2024-02-22 13:32:25,243 [INFO] PluginManager:220 - loadIPPluginJar : add tracer_emb
2024-02-22 13:32:25,245 [INFO] IPUIPlugin:80 - create IPUIPlugin
2024-02-22 13:32:25,245 [INFO] PluginManager:220 - loadIPPluginJar : add nvic
2024-02-22 13:32:25,246 [INFO] IPUIPlugin:80 - create IPUIPlugin
2024-02-22 13:32:25,246 [INFO] PluginManager:220 - loadIPPluginJar : add comp
2024-02-22 13:32:25,251 [INFO] IPUIPlugin:80 - create IPUIPlugin
2024-02-22 13:32:25,251 [INFO] PluginManager:220 - loadIPPluginJar : add mdma
2024-02-22 13:32:25,252 [INFO] IPUIPlugin:80 - create IPUIPlugin
2024-02-22 13:32:25,252 [INFO] PluginManager:220 - loadIPPluginJar : add gfxmmu
2024-02-22 13:32:25,254 [INFO] IPUIPlugin:80 - create IPUIPlugin
2024-02-22 13:32:25,254 [INFO] PluginManager:220 - loadIPPluginJar : add dma3
2024-02-22 13:32:25,259 [INFO] IPUIPlugin:80 - create IPUIPlugin
2024-02-22 13:32:25,259 [INFO] PluginManager:220 - loadIPPluginJar : add linkedlist
2024-02-22 13:32:25,263 [INFO] IPUIPlugin:80 - create IPUIPlugin
2024-02-22 13:32:25,263 [INFO] PluginManager:220 - loadIPPluginJar : add gic
2024-02-22 13:32:25,265 [INFO] IPUIPlugin:80 - create IPUIPlugin
2024-02-22 13:32:25,265 [INFO] PluginManager:220 - loadIPPluginJar : add touchsensing
2024-02-22 13:32:25,266 [INFO] IPUIPlugin:80 - create IPUIPlugin
2024-02-22 13:32:25,266 [INFO] PluginManager:220 - loadIPPluginJar : add hash
2024-02-22 13:32:25,268 [INFO] IPUIPlugin:80 - create IPUIPlugin
2024-02-22 13:32:25,268 [INFO] PluginManager:220 - loadIPPluginJar : add resmgrutility
2024-02-22 13:32:25,270 [INFO] IPUIPlugin:80 - create IPUIPlugin
2024-02-22 13:32:25,270 [INFO] PluginManager:220 - loadIPPluginJar : add usart
2024-02-22 13:32:25,272 [INFO] IPUIPlugin:80 - create IPUIPlugin
2024-02-22 13:32:25,272 [INFO] PluginManager:220 - loadIPPluginJar : add spi
2024-02-22 13:32:25,274 [INFO] IPUIPlugin:80 - create IPUIPlugin
2024-02-22 13:32:25,274 [INFO] PluginManager:220 - loadIPPluginJar : add openamp
2024-02-22 13:32:25,278 [INFO] IPUIPlugin:80 - create IPUIPlugin
2024-02-22 13:32:25,278 [INFO] PluginManager:220 - loadIPPluginJar : add dma
2024-02-22 13:32:25,280 [INFO] IPUIPlugin:80 - create IPUIPlugin
2024-02-22 13:32:25,280 [INFO] PluginManager:220 - loadIPPluginJar : add usbx
2024-02-22 13:32:25,282 [INFO] IPUIPlugin:80 - create IPUIPlugin
2024-02-22 13:32:25,282 [INFO] PluginManager:220 - loadIPPluginJar : add dfsdm
2024-02-22 13:32:25,286 [INFO] IPUIPlugin:80 - create IPUIPlugin
2024-02-22 13:32:25,286 [INFO] PluginManager:220 - loadIPPluginJar : add stm32_wpan
2024-02-22 13:32:25,287 [INFO] IPUIPlugin:80 - create IPUIPlugin
2024-02-22 13:32:25,287 [INFO] PluginManager:220 - loadIPPluginJar : add quadspi
2024-02-22 13:32:25,291 [INFO] IPUIPlugin:80 - create IPUIPlugin
2024-02-22 13:32:25,291 [INFO] PluginManager:220 - loadIPPluginJar : add adc
2024-02-22 13:32:25,293 [INFO] IPUIPlugin:80 - create IPUIPlugin
2024-02-22 13:32:25,293 [INFO] PluginManager:220 - loadIPPluginJar : add pdm2pcm
2024-02-22 13:32:25,394 [INFO] CADModel:165 - CPN selected for project level
2024-02-22 13:32:25,394 [INFO] CADModel:114 - Register for checkConnection events
2024-02-22 13:32:25,395 [FATAL] Updater:308 - Updater called before beeing initialized
2024-02-22 13:32:25,395 [ERROR] CADModel:125 - Updater not yet initialized, retry later 
2024-02-22 13:32:25,577 [INFO] CADModel:165 - CPN selected for project level
2024-02-22 13:32:25,577 [INFO] CADModel:114 - Register for checkConnection events
2024-02-22 13:32:25,577 [FATAL] Updater:308 - Updater called before beeing initialized
2024-02-22 13:32:25,577 [ERROR] CADModel:125 - Updater not yet initialized, retry later 
2024-02-22 13:32:25,580 [FATAL] Updater:308 - Updater called before beeing initialized
2024-02-22 13:32:25,643 [FATAL] Updater:308 - Updater called before beeing initialized
2024-02-22 13:32:25,647 [INFO] DbMcusAds:53 - JSON generation date=Wed Nov 29 11:52:27 CET 2023 (1701255147200)
2024-02-22 13:32:25,648 [FATAL] Updater:308 - Updater called before beeing initialized
2024-02-22 13:32:25,674 [WARN] DetailPanel:346 - Failed to get advertising image, set to default
2024-02-22 13:32:25,750 [FATAL] Updater:308 - Updater called before beeing initialized
2024-02-22 13:32:25,751 [FATAL] Updater:308 - Updater called before beeing initialized
2024-02-22 13:32:25,751 [FATAL] Updater:308 - Updater called before beeing initialized
2024-02-22 13:32:25,751 [WARN] DetailPanel:346 - Failed to get advertising image, set to default
2024-02-22 13:32:25,752 [FATAL] Updater:308 - Updater called before beeing initialized
2024-02-22 13:32:25,781 [ERROR] Updater:1120 - MainUpdater not yet initialized. External WinMGr cannot be set.
2024-02-22 13:32:25,783 [INFO] Updater:1056 - Updater Version found : 6.9.1
2024-02-22 13:32:25,796 [INFO] ApplicationProperties:184 - Using Application install path: /opt/st/stm32cubeide_1.13.1/plugins/com.st.stm32cube.common.mx_6.9.1.202307191849
2024-02-22 13:32:25,908 [INFO] MainUpdater:2868 - connection check result : 10
2024-02-22 13:32:25,909 [INFO] MainUpdater:285 - Updater Check For Update Now.
2024-02-22 13:32:25,909 [INFO] MicroXplorer:498 - Change Database Version : DB.6.0.91
2024-02-22 13:32:25,913 [INFO] McuFinderGlobals:63 - Set McuFinder mode to 2 (CubeIDE integrated)
2024-02-22 13:32:26,067 [INFO] CheckServerUpdateThread:120 - End of CheckServer Thread
2024-02-22 13:32:28,044 [WARN] PackLoader:240 - Cannot read IP mode file for STMicroelectronics.X-CUBE-SMBUS.2.1.0
2024-02-22 13:32:28,049 [WARN] PackLoader:240 - Cannot read IP mode file for STMicroelectronics.X-CUBE-TOUCHGFX.4.23.0
2024-02-22 13:32:28,095 [WARN] PackLoader:240 - Cannot read IP mode file for STMicroelectronics.X-CUBE-AZRTOS-F7.1.1.0
2024-02-22 13:32:28,104 [WARN] PackLoader:240 - Cannot read IP mode file for STMicroelectronics.FP-SNS-MOTENV1.4.3.2
2024-02-22 13:32:28,109 [WARN] PackLoader:240 - Cannot read IP mode file for STMicroelectronics.FP-SNS-FLIGHT1.5.0.2
2024-02-22 13:32:28,116 [WARN] PackLoader:240 - Cannot read IP mode file for STMicroelectronics.X-CUBE-DISPLAY.3.0.0
2024-02-22 13:32:28,126 [WARN] PackLoader:240 - Cannot read IP mode file for STMicroelectronics.X-CUBE-BLE1.7.0.0
2024-02-22 13:32:28,130 [WARN] PackLoader:240 - Cannot read IP mode file for emotas.I-CUBE-CANOPEN.1.3.0
2024-02-22 13:32:28,135 [WARN] PackLoader:240 - Cannot read IP mode file for STMicroelectronics.X-CUBE-TOUCHGFX.4.22.0
2024-02-22 13:32:28,137 [WARN] PackLoader:240 - Cannot read IP mode file for STMicroelectronics.X-CUBE-TOUCHGFX.4.22.1
2024-02-22 13:32:28,141 [WARN] PackLoader:240 - Cannot read IP mode file for STMicroelectronics.FP-SNS-SMARTAG2.1.2.0
2024-02-22 13:32:28,151 [INFO] LogOutputStream:77 - [STDOUT_REDIRECT] 1 : Invalid condition id : UX_CORESTACK_Condition cause : null
2024-02-22 13:32:28,152 [INFO] LogOutputStream:77 - [STDOUT_REDIRECT] 1 : Invalid condition id : UX_CORESTACK_Condition cause : null
2024-02-22 13:32:28,153 [INFO] LogOutputStream:77 - [STDOUT_REDIRECT] 1 : Invalid condition id : UX_CORESTACK_Condition cause : null
2024-02-22 13:32:28,153 [INFO] LogOutputStream:77 - [STDOUT_REDIRECT] 1 : Invalid condition id : UX_CORESTACK_Condition cause : null
2024-02-22 13:32:28,154 [INFO] LogOutputStream:77 - [STDOUT_REDIRECT] 1 : Invalid condition id : UX_CORESTACK_Condition cause : null
2024-02-22 13:32:28,160 [WARN] PackLoader:240 - Cannot read IP mode file for STMicroelectronics.X-CUBE-AZRTOS-WL.2.0.0
2024-02-22 13:32:28,167 [WARN] PackLoader:240 - Cannot read IP mode file for WES.I-CUBE-Cesium.1.3.0
2024-02-22 13:32:28,171 [WARN] PackLoader:240 - Cannot read IP mode file for STMicroelectronics.X-CUBE-BLE2.3.3.0
2024-02-22 13:32:28,177 [WARN] PackLoader:240 - Cannot read IP mode file for STMicroelectronics.X-CUBE-ALGOBUILD.1.3.0
2024-02-22 13:32:28,195 [WARN] PackLoader:240 - Cannot read IP mode file for STMicroelectronics.X-CUBE-AZRTOS-G0.1.1.0
2024-02-22 13:32:28,203 [WARN] PackLoader:240 - Cannot read IP mode file for STMicroelectronics.X-CUBE-NFC4.3.0.0
2024-02-22 13:32:28,213 [WARN] PackLoader:240 - Cannot read IP mode file for STMicroelectronics.X-CUBE-BLEMGR.3.0.0
2024-02-22 13:32:28,218 [WARN] PackLoader:240 - Cannot read IP mode file for STMicroelectronics.FP-ATR-SIGFOX1.3.2.0
2024-02-22 13:32:28,222 [WARN] PackLoader:240 - Cannot read IP mode file for STMicroelectronics.X-CUBE-EEPRMA1.5.1.0
2024-02-22 13:32:28,257 [WARN] PackLoader:240 - Cannot read IP mode file for SEGGER.I-CUBE-embOS.1.3.1
2024-02-22 13:32:28,295 [WARN] PackLoader:240 - Cannot read IP mode file for STMicroelectronics.X-CUBE-GNSS1.6.0.0
2024-02-22 13:32:28,318 [WARN] PackLoader:240 - Cannot read IP mode file for STMicroelectronics.X-CUBE-AZRTOS-F4.1.1.0
2024-02-22 13:32:28,328 [WARN] PackLoader:240 - Cannot read IP mode file for wolfSSL.I-CUBE-wolfSSL.5.6.3
2024-02-22 13:32:28,356 [WARN] PackLoader:240 - Cannot read IP mode file for STMicroelectronics.X-CUBE-AZRTOS-L5.2.0.0
2024-02-22 13:32:28,433 [WARN] PackLoader:240 - Cannot read IP mode file for STMicroelectronics.X-CUBE-MEMS1.9.6.0
2024-02-22 13:32:28,601 [WARN] PackLoader:240 - Cannot read IP mode file for STMicroelectronics.X-CUBE-EEPRMA1.4.2.0
2024-02-22 13:32:28,607 [WARN] PackLoader:240 - Cannot read IP mode file for ITTIA_DB.I-CUBE-ITTIADB.8.8.0
2024-02-22 13:32:28,620 [WARN] PackLoader:240 - Cannot read IP mode file for STMicroelectronics.X-CUBE-BLEMGR.2.0.0
2024-02-22 13:32:28,654 [WARN] ConditionMgr:438 - getConditionDescription Invalid condition id : UX DEVICE CLASS RTOS Condition cause : null
2024-02-22 13:32:28,655 [WARN] ConditionMgr:438 - getConditionDescription Invalid condition id : UX DEVICE CLASS RTOS Condition cause : null
2024-02-22 13:32:28,660 [WARN] PackLoader:240 - Cannot read IP mode file for STMicroelectronics.X-CUBE-AZRTOS-H7.3.1.0
2024-02-22 13:32:28,661 [WARN] ConditionMgr:1039 - genDependencies : Invalid condition id : UX DEVICE CLASS RTOS Condition cause : null
2024-02-22 13:32:28,661 [WARN] ConditionMgr:1039 - genDependencies : Invalid condition id : UX DEVICE CLASS RTOS Condition cause : null
2024-02-22 13:32:28,662 [WARN] ConditionMgr:1039 - genDependencies : Invalid condition id : UX DEVICE CLASS RTOS Condition cause : null
2024-02-22 13:32:28,663 [WARN] ConditionMgr:1039 - genDependencies : Invalid condition id : UX DEVICE CLASS RTOS Condition cause : null
2024-02-22 13:32:28,663 [WARN] ConditionMgr:1039 - genDependencies : Invalid condition id : UX DEVICE CLASS RTOS Condition cause : null
2024-02-22 13:32:28,669 [WARN] PackLoader:240 - Cannot read IP mode file for STMicroelectronics.X-CUBE-NFC7.1.0.1
2024-02-22 13:32:28,677 [WARN] PackLoader:240 - Cannot read IP mode file for STMicroelectronics.X-CUBE-NFC6.3.0.0
2024-02-22 13:32:28,683 [WARN] PackLoader:240 - Cannot read IP mode file for STMicroelectronics.X-CUBE-EEPRMA1.4.1.0
2024-02-22 13:32:28,687 [WARN] PackLoader:240 - Cannot read IP mode file for STMicroelectronics.X-CUBE-AI.8.1.0
2024-02-22 13:32:28,706 [WARN] ConditionMgr:438 - getConditionDescription Invalid condition id : LAN8742 Phy interface Condition cause : null
2024-02-22 13:32:28,707 [WARN] PackLoader:240 - Cannot read IP mode file for STMicroelectronics.X-CUBE-AZRTOS-L4.2.0.0
2024-02-22 13:32:28,708 [WARN] ConditionMgr:1039 - genDependencies : Invalid condition id : LAN8742 Phy interface Condition cause : null
2024-02-22 13:32:28,709 [WARN] ConditionMgr:1039 - genDependencies : Invalid condition id : LAN8742 Phy interface Condition cause : null
2024-02-22 13:32:28,709 [WARN] ConditionMgr:1039 - genDependencies : Invalid condition id : LAN8742 Phy interface Condition cause : null
2024-02-22 13:32:28,716 [WARN] PackLoader:240 - Cannot read IP mode file for STMicroelectronics.X-CUBE-SFXS2LP1.4.0.0
2024-02-22 13:32:28,719 [WARN] PackLoader:240 - Cannot read IP mode file for STMicroelectronics.X-CUBE-ISPU.1.1.0
2024-02-22 13:32:28,731 [WARN] ConditionMgr:438 - getConditionDescription Invalid condition id : UX DEVICE CLASS RTOS Condition cause : null
2024-02-22 13:32:28,732 [WARN] ConditionMgr:438 - getConditionDescription Invalid condition id : UX DEVICE CLASS RTOS Condition cause : null
2024-02-22 13:32:28,733 [WARN] PackLoader:240 - Cannot read IP mode file for STMicroelectronics.X-CUBE-AZRTOS-WB.2.0.0
2024-02-22 13:32:28,734 [WARN] ConditionMgr:1039 - genDependencies : Invalid condition id : UX DEVICE CLASS RTOS Condition cause : null
2024-02-22 13:32:28,734 [WARN] ConditionMgr:1039 - genDependencies : Invalid condition id : UX DEVICE CLASS RTOS Condition cause : null
2024-02-22 13:32:28,735 [WARN] ConditionMgr:1039 - genDependencies : Invalid condition id : UX DEVICE CLASS RTOS Condition cause : null
2024-02-22 13:32:28,735 [WARN] ConditionMgr:1039 - genDependencies : Invalid condition id : UX DEVICE CLASS RTOS Condition cause : null
2024-02-22 13:32:28,735 [WARN] ConditionMgr:1039 - genDependencies : Invalid condition id : UX DEVICE CLASS RTOS Condition cause : null
2024-02-22 13:32:28,744 [WARN] PackLoader:240 - Cannot read IP mode file for STMicroelectronics.X-CUBE-SUBG2.5.0.0
2024-02-22 13:32:28,755 [WARN] PackLoader:240 - Cannot read IP mode file for STMicroelectronics.X-CUBE-TOF1.3.3.1
2024-02-22 13:32:28,774 [WARN] PackLoader:240 - Cannot read IP mode file for STMicroelectronics.X-CUBE-AZRTOS-G4.2.0.0
2024-02-22 13:32:28,785 [WARN] PackLoader:240 - Cannot read IP mode file for Infineon.AIROC-Wi-Fi-Bluetooth-STM32.1.5.1
2024-02-22 13:32:28,791 [WARN] PackLoader:240 - Cannot read IP mode file for STMicroelectronics.FP-SNS-MOTENVWB1.1.3.0
2024-02-22 13:32:28,794 [WARN] PackLoader:240 - Cannot read IP mode file for STMicroelectronics.FP-SNS-MOTENVWB1.1.3.1
2024-02-22 13:32:28,796 [WARN] PackLoader:240 - Cannot read IP mode file for STMicroelectronics.X-CUBE-ISPU.2.0.0
2024-02-22 13:32:28,833 [WARN] PackLoader:240 - Cannot read IP mode file for STMicroelectronics.X-CUBE-MEMS1.10.0.0
2024-02-22 13:32:28,922 [WARN] PackLoader:240 - Cannot read IP mode file for STMicroelectronics.X-CUBE-FREERTOS.1.1.0
2024-02-22 13:32:28,926 [WARN] PackLoader:240 - Cannot read IP mode file for portGmbH.I-Cube-SoM-uGOAL.1.1.0
2024-02-22 13:32:28,928 [WARN] PackLoader:240 - Cannot read IP mode file for STMicroelectronics.X-CUBE-ALS.1.0.1
2024-02-22 13:32:28,930 [WARN] PackLoader:240 - Cannot read IP mode file for STMicroelectronics.FP-ATR-ASTRA1.2.0.0
2024-02-22 13:32:28,937 [WARN] PackLoader:240 - Cannot read IP mode file for STMicroelectronics.X-CUBE-TOF1.3.4.0
2024-02-22 13:32:28,957 [WARN] PackLoader:240 - Cannot read IP mode file for STMicroelectronics.X-CUBE-AZRTOS-H7.3.2.0
2024-02-22 13:32:28,960 [INFO] ThirdParty:978 - Integrity check success = true
2024-02-22 13:32:28,960 [INFO] IntegrityCheckThread:100 - exiting critical section [integrity check]
2024-02-22 13:32:28,960 [INFO] IntegrityCheckThread:103 - End integrity checks thread
2024-02-22 13:32:46,508 [ERROR] LogOutputStream:75 - [STDERR_REDIRECT] SLF4J: Failed to load class "org.slf4j.impl.StaticLoggerBinder".
2024-02-22 13:32:46,509 [ERROR] LogOutputStream:75 - [STDERR_REDIRECT] SLF4J: Defaulting to no-operation (NOP) logger implementation
2024-02-22 13:32:46,509 [ERROR] LogOutputStream:75 - [STDERR_REDIRECT] SLF4J: See http://www.slf4j.org/codes.html#StaticLoggerBinder for further details.
